Compiling the C compiler identification source file "CMakeCCompilerId.c" failed.
Compiler: /Library/Developer/CommandLineTools/usr/bin/cc 
Build flags: 
Id flags:  

The output was:
1
ld: library not found for -lSystem
clang: error: linker command failed with exit code 1 (use -v to see invocation)


Compiling the CXX compiler identification source file "CMakeCXXCompilerId.cpp" failed.
Compiler: /Library/Developer/CommandLineTools/usr/bin/c++ 
Build flags: 
Id flags:  

The output was:
1
ld: library not found for -lc++
clang: error: linker command failed with exit code 1 (use -v to see invocation)


Checking whether the ASM compiler is GNU using "--version" did not match "(GNU assembler)|(GCC)|(Free Software Foundation)":
Apple clang version 13.0.0 (clang-1300.0.29.30)
Target: arm64-apple-darwin21.2.0
Thread model: posix
InstalledDir: /Library/Developer/CommandLineTools/usr/bin
Determining if the -Wl,--no-undefined linker flag is supported failed with the following output:
Change Dir: /Users/safahi/Desktop/Clerici-main 2/build/release/CMakeFiles/CMakeTmp

Run Build Command(s):/usr/bin/make -f Makefile cmTC_93ba3/fast && /Library/Developer/CommandLineTools/usr/bin/make  -f CMakeFiles/cmTC_93ba3.dir/build.make CMakeFiles/cmTC_93ba3.dir/build
Building C object CMakeFiles/cmTC_93ba3.dir/CheckLinkerFlag.c.o
/Library/Developer/CommandLineTools/usr/bin/cc   -Wl,--no-undefined  -arch arm64 -isysroot /Library/Developer/CommandLineTools/SDKs/MacOSX12.1.sdk   -Wl,--no-undefined -MD -MT CMakeFiles/cmTC_93ba3.dir/CheckLinkerFlag.c.o -MF CMakeFiles/cmTC_93ba3.dir/CheckLinkerFlag.c.o.d -o CMakeFiles/cmTC_93ba3.dir/CheckLinkerFlag.c.o -c "/Users/safahi/Desktop/Clerici-main 2/cmake/CheckLinkerFlag.c"
clang: warning: -Wl,--no-undefined: 'linker' input unused [-Wunused-command-line-argument]
clang: warning: -Wl,--no-undefined: 'linker' input unused [-Wunused-command-line-argument]
Linking C executable cmTC_93ba3
/opt/homebrew/Cellar/cmake/3.23.0/bin/cmake -E cmake_link_script CMakeFiles/cmTC_93ba3.dir/link.txt --verbose=1
/Library/Developer/CommandLineTools/usr/bin/cc -Wl,--no-undefined  -arch arm64 -isysroot /Library/Developer/CommandLineTools/SDKs/MacOSX12.1.sdk -Wl,-search_paths_first -Wl,-headerpad_max_install_names CMakeFiles/cmTC_93ba3.dir/CheckLinkerFlag.c.o -o cmTC_93ba3 
ld: unknown option: --no-undefined
clang: error: linker command failed with exit code 1 (use -v to see invocation)
make[2]: *** [cmTC_93ba3] Error 1
make[1]: *** [cmTC_93ba3/fast] Error 2



Determining if the function explicit_bzero exists in the c failed with the following output:
Change Dir: /Users/safahi/Desktop/Clerici-main 2/build/release/CMakeFiles/CMakeTmp

Run Build Command(s):/usr/bin/make -f Makefile cmTC_8290a/fast && /Library/Developer/CommandLineTools/usr/bin/make  -f CMakeFiles/cmTC_8290a.dir/build.make CMakeFiles/cmTC_8290a.dir/build
Building C object CMakeFiles/cmTC_8290a.dir/CheckFunctionExists.c.o
/Library/Developer/CommandLineTools/usr/bin/cc   -DCHECK_FUNCTION_EXISTS=explicit_bzero -arch arm64 -isysroot /Library/Developer/CommandLineTools/SDKs/MacOSX12.1.sdk -MD -MT CMakeFiles/cmTC_8290a.dir/CheckFunctionExists.c.o -MF CMakeFiles/cmTC_8290a.dir/CheckFunctionExists.c.o.d -o CMakeFiles/cmTC_8290a.dir/CheckFunctionExists.c.o -c /opt/homebrew/Cellar/cmake/3.23.0/share/cmake/Modules/CheckFunctionExists.c
Linking C executable cmTC_8290a
/opt/homebrew/Cellar/cmake/3.23.0/bin/cmake -E cmake_link_script CMakeFiles/cmTC_8290a.dir/link.txt --verbose=1
/Library/Developer/CommandLineTools/usr/bin/cc  -DCHECK_FUNCTION_EXISTS=explicit_bzero -arch arm64 -isysroot /Library/Developer/CommandLineTools/SDKs/MacOSX12.1.sdk -Wl,-search_paths_first -Wl,-headerpad_max_install_names CMakeFiles/cmTC_8290a.dir/CheckFunctionExists.c.o -o cmTC_8290a   -L"/Users/safahi/Desktop/Clerici-main 2/build/release/CMakeFiles/CMakeTmp/strings.h"  -Wl,-rpath,"/Users/safahi/Desktop/Clerici-main 2/build/release/CMakeFiles/CMakeTmp/strings.h" -lc 
ld: warning: directory not found for option '-L/Users/safahi/Desktop/Clerici-main 2/build/release/CMakeFiles/CMakeTmp/strings.h'
Undefined symbols for architecture arm64:
  "_explicit_bzero", referenced from:
      _main in CheckFunctionExists.c.o
ld: symbol(s) not found for architecture arm64
clang: error: linker command failed with exit code 1 (use -v to see invocation)
make[2]: *** [cmTC_8290a] Error 1
make[1]: *** [cmTC_8290a/fast] Error 2



Determining if the include file asm/hwcap.h exists failed with the following output:
Change Dir: /Users/safahi/Desktop/Clerici-main 2/build/release/CMakeFiles/CMakeTmp

Run Build Command(s):/usr/bin/make -f Makefile cmTC_d2bb5/fast && /Library/Developer/CommandLineTools/usr/bin/make  -f CMakeFiles/cmTC_d2bb5.dir/build.make CMakeFiles/cmTC_d2bb5.dir/build
Building C object CMakeFiles/cmTC_d2bb5.dir/CheckIncludeFile.c.o
/Library/Developer/CommandLineTools/usr/bin/cc   -arch arm64 -isysroot /Library/Developer/CommandLineTools/SDKs/MacOSX12.1.sdk -MD -MT CMakeFiles/cmTC_d2bb5.dir/CheckIncludeFile.c.o -MF CMakeFiles/cmTC_d2bb5.dir/CheckIncludeFile.c.o.d -o CMakeFiles/cmTC_d2bb5.dir/CheckIncludeFile.c.o -c "/Users/safahi/Desktop/Clerici-main 2/build/release/CMakeFiles/CMakeTmp/CheckIncludeFile.c"
/Users/safahi/Desktop/Clerici-main 2/build/release/CMakeFiles/CMakeTmp/CheckIncludeFile.c:1:10: fatal error: 'asm/hwcap.h' file not found
#include <asm/hwcap.h>
         ^~~~~~~~~~~~~
1 error generated.
make[2]: *** [CMakeFiles/cmTC_d2bb5.dir/CheckIncludeFile.c.o] Error 1
make[1]: *** [cmTC_d2bb5/fast] Error 2



Performing C SOURCE FILE Test _Werror__fcf_protection=full_c failed with the following output:
Change Dir: /Users/safahi/Desktop/Clerici-main 2/build/release/CMakeFiles/CMakeTmp

Run Build Command(s):/usr/bin/make -f Makefile cmTC_3e7ca/fast && /Library/Developer/CommandLineTools/usr/bin/make  -f CMakeFiles/cmTC_3e7ca.dir/build.make CMakeFiles/cmTC_3e7ca.dir/build
Building C object CMakeFiles/cmTC_3e7ca.dir/src.c.o
/Library/Developer/CommandLineTools/usr/bin/cc -D_Werror__fcf_protection=full_c  -march=armv8-a+crypto -fno-strict-aliasing  -arch arm64 -isysroot /Library/Developer/CommandLineTools/SDKs/MacOSX12.1.sdk   -Werror -fcf-protection=full -MD -MT CMakeFiles/cmTC_3e7ca.dir/src.c.o -MF CMakeFiles/cmTC_3e7ca.dir/src.c.o.d -o CMakeFiles/cmTC_3e7ca.dir/src.c.o -c "/Users/safahi/Desktop/Clerici-main 2/build/release/CMakeFiles/CMakeTmp/src.c"
error: option 'cf-protection=return' cannot be specified on this target
error: option 'cf-protection=branch' cannot be specified on this target
2 errors generated.
make[2]: *** [CMakeFiles/cmTC_3e7ca.dir/src.c.o] Error 1
make[1]: *** [cmTC_3e7ca/fast] Error 2


Source file was:
int main(void) { return 0; }
Performing C++ SOURCE FILE Test _Werror__fcf_protection=full_cxx failed with the following output:
Change Dir: /Users/safahi/Desktop/Clerici-main 2/build/release/CMakeFiles/CMakeTmp

Run Build Command(s):/usr/bin/make -f Makefile cmTC_8a4f7/fast && /Library/Developer/CommandLineTools/usr/bin/make  -f CMakeFiles/cmTC_8a4f7.dir/build.make CMakeFiles/cmTC_8a4f7.dir/build
Building CXX object CMakeFiles/cmTC_8a4f7.dir/src.cxx.o
/Library/Developer/CommandLineTools/usr/bin/c++ -D_Werror__fcf_protection=full_cxx  -fvisibility=default -march=armv8-a+crypto -fno-strict-aliasing  -arch arm64 -isysroot /Library/Developer/CommandLineTools/SDKs/MacOSX12.1.sdk   -Werror -fcf-protection=full -MD -MT CMakeFiles/cmTC_8a4f7.dir/src.cxx.o -MF CMakeFiles/cmTC_8a4f7.dir/src.cxx.o.d -o CMakeFiles/cmTC_8a4f7.dir/src.cxx.o -c "/Users/safahi/Desktop/Clerici-main 2/build/release/CMakeFiles/CMakeTmp/src.cxx"
error: option 'cf-protection=return' cannot be specified on this target
error: option 'cf-protection=branch' cannot be specified on this target
2 errors generated.
make[2]: *** [CMakeFiles/cmTC_8a4f7.dir/src.cxx.o] Error 1
make[1]: *** [cmTC_8a4f7/fast] Error 2


Source file was:
int main() { return 0; }
Performing C SOURCE FILE Test _Werror__fstack_clash_protection_c failed with the following output:
Change Dir: /Users/safahi/Desktop/Clerici-main 2/build/release/CMakeFiles/CMakeTmp

Run Build Command(s):/usr/bin/make -f Makefile cmTC_94584/fast && /Library/Developer/CommandLineTools/usr/bin/make  -f CMakeFiles/cmTC_94584.dir/build.make CMakeFiles/cmTC_94584.dir/build
Building C object CMakeFiles/cmTC_94584.dir/src.c.o
/Library/Developer/CommandLineTools/usr/bin/cc -D_Werror__fstack_clash_protection_c  -march=armv8-a+crypto -fno-strict-aliasing  -arch arm64 -isysroot /Library/Developer/CommandLineTools/SDKs/MacOSX12.1.sdk   -Werror -fstack-clash-protection -MD -MT CMakeFiles/cmTC_94584.dir/src.c.o -MF CMakeFiles/cmTC_94584.dir/src.c.o.d -o CMakeFiles/cmTC_94584.dir/src.c.o -c "/Users/safahi/Desktop/Clerici-main 2/build/release/CMakeFiles/CMakeTmp/src.c"
clang: error: argument unused during compilation: '-fstack-clash-protection' [-Werror,-Wunused-command-line-argument]
make[2]: *** [CMakeFiles/cmTC_94584.dir/src.c.o] Error 1
make[1]: *** [cmTC_94584/fast] Error 2


Source file was:
int main(void) { return 0; }
Performing C++ SOURCE FILE Test _Werror__fstack_clash_protection_cxx failed with the following output:
Change Dir: /Users/safahi/Desktop/Clerici-main 2/build/release/CMakeFiles/CMakeTmp

Run Build Command(s):/usr/bin/make -f Makefile cmTC_eb378/fast && /Library/Developer/CommandLineTools/usr/bin/make  -f CMakeFiles/cmTC_eb378.dir/build.make CMakeFiles/cmTC_eb378.dir/build
Building CXX object CMakeFiles/cmTC_eb378.dir/src.cxx.o
/Library/Developer/CommandLineTools/usr/bin/c++ -D_Werror__fstack_clash_protection_cxx  -fvisibility=default -march=armv8-a+crypto -fno-strict-aliasing  -arch arm64 -isysroot /Library/Developer/CommandLineTools/SDKs/MacOSX12.1.sdk   -Werror -fstack-clash-protection -MD -MT CMakeFiles/cmTC_eb378.dir/src.cxx.o -MF CMakeFiles/cmTC_eb378.dir/src.cxx.o.d -o CMakeFiles/cmTC_eb378.dir/src.cxx.o -c "/Users/safahi/Desktop/Clerici-main 2/build/release/CMakeFiles/CMakeTmp/src.cxx"
clang: error: argument unused during compilation: '-fstack-clash-protection' [-Werror,-Wunused-command-line-argument]
make[2]: *** [CMakeFiles/cmTC_eb378.dir/src.cxx.o] Error 1
make[1]: *** [cmTC_eb378/fast] Error 2


Source file was:
int main() { return 0; }
Performing C SOURCE FILE Test _Werror__mmitigate_rop_c failed with the following output:
Change Dir: /Users/safahi/Desktop/Clerici-main 2/build/release/CMakeFiles/CMakeTmp

Run Build Command(s):/usr/bin/make -f Makefile cmTC_27c5a/fast && /Library/Developer/CommandLineTools/usr/bin/make  -f CMakeFiles/cmTC_27c5a.dir/build.make CMakeFiles/cmTC_27c5a.dir/build
Building C object CMakeFiles/cmTC_27c5a.dir/src.c.o
/Library/Developer/CommandLineTools/usr/bin/cc -D_Werror__mmitigate_rop_c  -march=armv8-a+crypto -fno-strict-aliasing  -arch arm64 -isysroot /Library/Developer/CommandLineTools/SDKs/MacOSX12.1.sdk   -Werror -mmitigate-rop -MD -MT CMakeFiles/cmTC_27c5a.dir/src.c.o -MF CMakeFiles/cmTC_27c5a.dir/src.c.o.d -o CMakeFiles/cmTC_27c5a.dir/src.c.o -c "/Users/safahi/Desktop/Clerici-main 2/build/release/CMakeFiles/CMakeTmp/src.c"
clang: error: unknown argument: '-mmitigate-rop'
make[2]: *** [CMakeFiles/cmTC_27c5a.dir/src.c.o] Error 1
make[1]: *** [cmTC_27c5a/fast] Error 2


Source file was:
int main(void) { return 0; }
Performing C++ SOURCE FILE Test _Werror__mmitigate_rop_cxx failed with the following output:
Change Dir: /Users/safahi/Desktop/Clerici-main 2/build/release/CMakeFiles/CMakeTmp

Run Build Command(s):/usr/bin/make -f Makefile cmTC_f0db1/fast && /Library/Developer/CommandLineTools/usr/bin/make  -f CMakeFiles/cmTC_f0db1.dir/build.make CMakeFiles/cmTC_f0db1.dir/build
Building CXX object CMakeFiles/cmTC_f0db1.dir/src.cxx.o
/Library/Developer/CommandLineTools/usr/bin/c++ -D_Werror__mmitigate_rop_cxx  -fvisibility=default -march=armv8-a+crypto -fno-strict-aliasing  -arch arm64 -isysroot /Library/Developer/CommandLineTools/SDKs/MacOSX12.1.sdk   -Werror -mmitigate-rop -MD -MT CMakeFiles/cmTC_f0db1.dir/src.cxx.o -MF CMakeFiles/cmTC_f0db1.dir/src.cxx.o.d -o CMakeFiles/cmTC_f0db1.dir/src.cxx.o -c "/Users/safahi/Desktop/Clerici-main 2/build/release/CMakeFiles/CMakeTmp/src.cxx"
clang: error: unknown argument: '-mmitigate-rop'
make[2]: *** [CMakeFiles/cmTC_f0db1.dir/src.cxx.o] Error 1
make[1]: *** [cmTC_f0db1/fast] Error 2


Source file was:
int main() { return 0; }
Determining if the -Wl,-z,relro linker flag is supported failed with the following output:
Change Dir: /Users/safahi/Desktop/Clerici-main 2/build/release/CMakeFiles/CMakeTmp

Run Build Command(s):/usr/bin/make -f Makefile cmTC_285fb/fast && /Library/Developer/CommandLineTools/usr/bin/make  -f CMakeFiles/cmTC_285fb.dir/build.make CMakeFiles/cmTC_285fb.dir/build
Building C object CMakeFiles/cmTC_285fb.dir/CheckLinkerFlag.c.o
/Library/Developer/CommandLineTools/usr/bin/cc   -Wl,-z,relro  -arch arm64 -isysroot /Library/Developer/CommandLineTools/SDKs/MacOSX12.1.sdk   -Wl,-z,relro -MD -MT CMakeFiles/cmTC_285fb.dir/CheckLinkerFlag.c.o -MF CMakeFiles/cmTC_285fb.dir/CheckLinkerFlag.c.o.d -o CMakeFiles/cmTC_285fb.dir/CheckLinkerFlag.c.o -c "/Users/safahi/Desktop/Clerici-main 2/cmake/CheckLinkerFlag.c"
clang: warning: -Wl,-z,relro: 'linker' input unused [-Wunused-command-line-argument]
clang: warning: -Wl,-z,relro: 'linker' input unused [-Wunused-command-line-argument]
Linking C executable cmTC_285fb
/opt/homebrew/Cellar/cmake/3.23.0/bin/cmake -E cmake_link_script CMakeFiles/cmTC_285fb.dir/link.txt --verbose=1
/Library/Developer/CommandLineTools/usr/bin/cc -Wl,-z,relro  -arch arm64 -isysroot /Library/Developer/CommandLineTools/SDKs/MacOSX12.1.sdk -Wl,-search_paths_first -Wl,-headerpad_max_install_names CMakeFiles/cmTC_285fb.dir/CheckLinkerFlag.c.o -o cmTC_285fb 
ld: unknown option: -z
clang: error: linker command failed with exit code 1 (use -v to see invocation)
make[2]: *** [cmTC_285fb] Error 1
make[1]: *** [cmTC_285fb/fast] Error 2



Determining if the -Wl,-z,now linker flag is supported failed with the following output:
Change Dir: /Users/safahi/Desktop/Clerici-main 2/build/release/CMakeFiles/CMakeTmp

Run Build Command(s):/usr/bin/make -f Makefile cmTC_81c6a/fast && /Library/Developer/CommandLineTools/usr/bin/make  -f CMakeFiles/cmTC_81c6a.dir/build.make CMakeFiles/cmTC_81c6a.dir/build
Building C object CMakeFiles/cmTC_81c6a.dir/CheckLinkerFlag.c.o
/Library/Developer/CommandLineTools/usr/bin/cc   -Wl,-z,now  -arch arm64 -isysroot /Library/Developer/CommandLineTools/SDKs/MacOSX12.1.sdk   -Wl,-z,now -MD -MT CMakeFiles/cmTC_81c6a.dir/CheckLinkerFlag.c.o -MF CMakeFiles/cmTC_81c6a.dir/CheckLinkerFlag.c.o.d -o CMakeFiles/cmTC_81c6a.dir/CheckLinkerFlag.c.o -c "/Users/safahi/Desktop/Clerici-main 2/cmake/CheckLinkerFlag.c"
clang: warning: -Wl,-z,now: 'linker' input unused [-Wunused-command-line-argument]
clang: warning: -Wl,-z,now: 'linker' input unused [-Wunused-command-line-argument]
Linking C executable cmTC_81c6a
/opt/homebrew/Cellar/cmake/3.23.0/bin/cmake -E cmake_link_script CMakeFiles/cmTC_81c6a.dir/link.txt --verbose=1
/Library/Developer/CommandLineTools/usr/bin/cc -Wl,-z,now  -arch arm64 -isysroot /Library/Developer/CommandLineTools/SDKs/MacOSX12.1.sdk -Wl,-search_paths_first -Wl,-headerpad_max_install_names CMakeFiles/cmTC_81c6a.dir/CheckLinkerFlag.c.o -o cmTC_81c6a 
ld: unknown option: -z
clang: error: linker command failed with exit code 1 (use -v to see invocation)
make[2]: *** [cmTC_81c6a] Error 1
make[1]: *** [cmTC_81c6a/fast] Error 2



Determining if the -Wl,-z,noexecstack linker flag is supported failed with the following output:
Change Dir: /Users/safahi/Desktop/Clerici-main 2/build/release/CMakeFiles/CMakeTmp

Run Build Command(s):/usr/bin/make -f Makefile cmTC_9e5de/fast && /Library/Developer/CommandLineTools/usr/bin/make  -f CMakeFiles/cmTC_9e5de.dir/build.make CMakeFiles/cmTC_9e5de.dir/build
Building C object CMakeFiles/cmTC_9e5de.dir/CheckLinkerFlag.c.o
/Library/Developer/CommandLineTools/usr/bin/cc   -Wl,-z,noexecstack  -arch arm64 -isysroot /Library/Developer/CommandLineTools/SDKs/MacOSX12.1.sdk   -Wl,-z,noexecstack -MD -MT CMakeFiles/cmTC_9e5de.dir/CheckLinkerFlag.c.o -MF CMakeFiles/cmTC_9e5de.dir/CheckLinkerFlag.c.o.d -o CMakeFiles/cmTC_9e5de.dir/CheckLinkerFlag.c.o -c "/Users/safahi/Desktop/Clerici-main 2/cmake/CheckLinkerFlag.c"
clang: warning: -Wl,-z,noexecstack: 'linker' input unused [-Wunused-command-line-argument]
clang: warning: -Wl,-z,noexecstack: 'linker' input unused [-Wunused-command-line-argument]
Linking C executable cmTC_9e5de
/opt/homebrew/Cellar/cmake/3.23.0/bin/cmake -E cmake_link_script CMakeFiles/cmTC_9e5de.dir/link.txt --verbose=1
/Library/Developer/CommandLineTools/usr/bin/cc -Wl,-z,noexecstack  -arch arm64 -isysroot /Library/Developer/CommandLineTools/SDKs/MacOSX12.1.sdk -Wl,-search_paths_first -Wl,-headerpad_max_install_names CMakeFiles/cmTC_9e5de.dir/CheckLinkerFlag.c.o -o cmTC_9e5de 
ld: unknown option: -z
clang: error: linker command failed with exit code 1 (use -v to see invocation)
make[2]: *** [cmTC_9e5de] Error 1
make[1]: *** [cmTC_9e5de/fast] Error 2



Determining if the -Wl,-z,noexecheap linker flag is supported failed with the following output:
Change Dir: /Users/safahi/Desktop/Clerici-main 2/build/release/CMakeFiles/CMakeTmp

Run Build Command(s):/usr/bin/make -f Makefile cmTC_363e8/fast && /Library/Developer/CommandLineTools/usr/bin/make  -f CMakeFiles/cmTC_363e8.dir/build.make CMakeFiles/cmTC_363e8.dir/build
Building C object CMakeFiles/cmTC_363e8.dir/CheckLinkerFlag.c.o
/Library/Developer/CommandLineTools/usr/bin/cc   -Wl,-z,noexecheap  -arch arm64 -isysroot /Library/Developer/CommandLineTools/SDKs/MacOSX12.1.sdk   -Wl,-z,noexecheap -MD -MT CMakeFiles/cmTC_363e8.dir/CheckLinkerFlag.c.o -MF CMakeFiles/cmTC_363e8.dir/CheckLinkerFlag.c.o.d -o CMakeFiles/cmTC_363e8.dir/CheckLinkerFlag.c.o -c "/Users/safahi/Desktop/Clerici-main 2/cmake/CheckLinkerFlag.c"
clang: warning: -Wl,-z,noexecheap: 'linker' input unused [-Wunused-command-line-argument]
clang: warning: -Wl,-z,noexecheap: 'linker' input unused [-Wunused-command-line-argument]
Linking C executable cmTC_363e8
/opt/homebrew/Cellar/cmake/3.23.0/bin/cmake -E cmake_link_script CMakeFiles/cmTC_363e8.dir/link.txt --verbose=1
/Library/Developer/CommandLineTools/usr/bin/cc -Wl,-z,noexecheap  -arch arm64 -isysroot /Library/Developer/CommandLineTools/SDKs/MacOSX12.1.sdk -Wl,-search_paths_first -Wl,-headerpad_max_install_names CMakeFiles/cmTC_363e8.dir/CheckLinkerFlag.c.o -o cmTC_363e8 
ld: unknown option: -z
clang: error: linker command failed with exit code 1 (use -v to see invocation)
make[2]: *** [cmTC_363e8] Error 1
make[1]: *** [cmTC_363e8/fast] Error 2



Determining if the CXX compiler accepts the flag -mfix-cortex-a53-843419 failed with the following output:
Change Dir: /Users/safahi/Desktop/Clerici-main 2/build/release/CMakeFiles/CMakeTmp

Run Build Command(s):/usr/bin/make -f Makefile cmTC_f1454/fast && /Library/Developer/CommandLineTools/usr/bin/make  -f CMakeFiles/cmTC_f1454.dir/build.make CMakeFiles/cmTC_f1454.dir/build
Building CXX object CMakeFiles/cmTC_f1454.dir/DummyCXXFile.cxx.o
/Library/Developer/CommandLineTools/usr/bin/c++   -fvisibility=default -march=armv8-a+crypto -fno-strict-aliasing -D_GNU_SOURCE   -Wall -Wextra -Wpointer-arith -Wundef -Wvla -Wwrite-strings -Wno-error=extra -Wno-error=deprecated-declarations -Wno-unused-parameter -Wno-unused-variable -Wno-error=unused-variable -Wno-error=undef -Wno-error=uninitialized -Wno-error=inline-asm -Wno-reorder -Wno-missing-field-initializers  -fPIC  -Wformat -Wformat-security -fstack-protector -fstack-protector-strong -fno-strict-aliasing -mfix-cortex-a53-843419 -arch arm64 -isysroot /Library/Developer/CommandLineTools/SDKs/MacOSX12.1.sdk -MD -MT CMakeFiles/cmTC_f1454.dir/DummyCXXFile.cxx.o -MF CMakeFiles/cmTC_f1454.dir/DummyCXXFile.cxx.o.d -o CMakeFiles/cmTC_f1454.dir/DummyCXXFile.cxx.o -c /opt/homebrew/Cellar/cmake/3.23.0/share/cmake/Modules/DummyCXXFile.cxx
clang: error: unknown argument: '-mfix-cortex-a53-843419'
make[2]: *** [CMakeFiles/cmTC_f1454.dir/DummyCXXFile.cxx.o] Error 1
make[1]: *** [cmTC_f1454/fast] Error 2



Determining if the function rl_copy_text exists failed with the following output:
Change Dir: /Users/safahi/Desktop/Clerici-main 2/build/release/CMakeFiles/CMakeTmp

Run Build Command(s):/usr/bin/make -f Makefile cmTC_55be4/fast && /Library/Developer/CommandLineTools/usr/bin/make  -f CMakeFiles/cmTC_55be4.dir/build.make CMakeFiles/cmTC_55be4.dir/build
Building C object CMakeFiles/cmTC_55be4.dir/CheckFunctionExists.c.o
/Library/Developer/CommandLineTools/usr/bin/cc   -march=armv8-a+crypto -fno-strict-aliasing -D_GNU_SOURCE   -Wall -Wextra -Wpointer-arith -Wundef -Wvla -Wwrite-strings -Wno-error=extra -Wno-error=deprecated-declarations -Wno-unused-parameter -Wno-unused-variable -Wno-error=unused-variable -Wno-error=undef -Wno-error=uninitialized -Wno-error=inline-asm -Waggregate-return -Wnested-externs -Wold-style-definition -Wstrict-prototypes  -fPIC  -Wformat -Wformat-security -fstack-protector -fstack-protector-strong -fno-strict-aliasing -mfix-cortex-a53-835769 -DCHECK_FUNCTION_EXISTS=rl_copy_text -arch arm64 -isysroot /Library/Developer/CommandLineTools/SDKs/MacOSX12.1.sdk -MD -MT CMakeFiles/cmTC_55be4.dir/CheckFunctionExists.c.o -MF CMakeFiles/cmTC_55be4.dir/CheckFunctionExists.c.o.d -o CMakeFiles/cmTC_55be4.dir/CheckFunctionExists.c.o -c /opt/homebrew/Cellar/cmake/3.23.0/share/cmake/Modules/CheckFunctionExists.c
Linking C executable cmTC_55be4
/opt/homebrew/Cellar/cmake/3.23.0/bin/cmake -E cmake_link_script CMakeFiles/cmTC_55be4.dir/link.txt --verbose=1
/Library/Developer/CommandLineTools/usr/bin/cc  -march=armv8-a+crypto -fno-strict-aliasing -D_GNU_SOURCE   -Wall -Wextra -Wpointer-arith -Wundef -Wvla -Wwrite-strings -Wno-error=extra -Wno-error=deprecated-declarations -Wno-unused-parameter -Wno-unused-variable -Wno-error=unused-variable -Wno-error=undef -Wno-error=uninitialized -Wno-error=inline-asm -Waggregate-return -Wnested-externs -Wold-style-definition -Wstrict-prototypes  -fPIC  -Wformat -Wformat-security -fstack-protector -fstack-protector-strong -fno-strict-aliasing -mfix-cortex-a53-835769 -DCHECK_FUNCTION_EXISTS=rl_copy_text -arch arm64 -isysroot /Library/Developer/CommandLineTools/SDKs/MacOSX12.1.sdk -Wl,-search_paths_first -Wl,-headerpad_max_install_names CMakeFiles/cmTC_55be4.dir/CheckFunctionExists.c.o -o cmTC_55be4  /Library/Developer/CommandLineTools/SDKs/MacOSX12.1.sdk/usr/lib/libreadline.tbd 
Undefined symbols for architecture arm64:
  "_rl_copy_text", referenced from:
      _main in CheckFunctionExists.c.o
ld: symbol(s) not found for architecture arm64
clang: error: linker command failed with exit code 1 (use -v to see invocation)
make[2]: *** [cmTC_55be4] Error 1
make[1]: *** [cmTC_55be4/fast] Error 2



Performing C SOURCE FILE Test _Werror__fcf_protection=full_c failed with the following output:
Change Dir: /Users/safahi/Desktop/Clerici-main 2/build/release/CMakeFiles/CMakeTmp

Run Build Command(s):/usr/bin/make -f Makefile cmTC_6c7ea/fast && /Library/Developer/CommandLineTools/usr/bin/make  -f CMakeFiles/cmTC_6c7ea.dir/build.make CMakeFiles/cmTC_6c7ea.dir/build
Building C object CMakeFiles/cmTC_6c7ea.dir/src.c.o
/Library/Developer/CommandLineTools/usr/bin/cc -D_Werror__fcf_protection=full_c  -march=armv8-a+crypto -fno-strict-aliasing  -arch arm64 -isysroot /Library/Developer/CommandLineTools/SDKs/MacOSX12.1.sdk   -Werror -fcf-protection=full -MD -MT CMakeFiles/cmTC_6c7ea.dir/src.c.o -MF CMakeFiles/cmTC_6c7ea.dir/src.c.o.d -o CMakeFiles/cmTC_6c7ea.dir/src.c.o -c "/Users/safahi/Desktop/Clerici-main 2/build/release/CMakeFiles/CMakeTmp/src.c"
error: option 'cf-protection=return' cannot be specified on this target
error: option 'cf-protection=branch' cannot be specified on this target
2 errors generated.
make[2]: *** [CMakeFiles/cmTC_6c7ea.dir/src.c.o] Error 1
make[1]: *** [cmTC_6c7ea/fast] Error 2


Source file was:
int main(void) { return 0; }
Performing C++ SOURCE FILE Test _Werror__fcf_protection=full_cxx failed with the following output:
Change Dir: /Users/safahi/Desktop/Clerici-main 2/build/release/CMakeFiles/CMakeTmp

Run Build Command(s):/usr/bin/make -f Makefile cmTC_8e0ab/fast && /Library/Developer/CommandLineTools/usr/bin/make  -f CMakeFiles/cmTC_8e0ab.dir/build.make CMakeFiles/cmTC_8e0ab.dir/build
Building CXX object CMakeFiles/cmTC_8e0ab.dir/src.cxx.o
/Library/Developer/CommandLineTools/usr/bin/c++ -D_Werror__fcf_protection=full_cxx  -fvisibility=default -march=armv8-a+crypto -fno-strict-aliasing  -arch arm64 -isysroot /Library/Developer/CommandLineTools/SDKs/MacOSX12.1.sdk   -Werror -fcf-protection=full -MD -MT CMakeFiles/cmTC_8e0ab.dir/src.cxx.o -MF CMakeFiles/cmTC_8e0ab.dir/src.cxx.o.d -o CMakeFiles/cmTC_8e0ab.dir/src.cxx.o -c "/Users/safahi/Desktop/Clerici-main 2/build/release/CMakeFiles/CMakeTmp/src.cxx"
error: option 'cf-protection=return' cannot be specified on this target
error: option 'cf-protection=branch' cannot be specified on this target
2 errors generated.
make[2]: *** [CMakeFiles/cmTC_8e0ab.dir/src.cxx.o] Error 1
make[1]: *** [cmTC_8e0ab/fast] Error 2


Source file was:
int main() { return 0; }
Determining if the include file endian.h exists failed with the following output:
Change Dir: /Users/safahi/Desktop/Clerici-main 2/build/release/CMakeFiles/CMakeTmp

Run Build Command(s):/usr/bin/make -f Makefile cmTC_35b43/fast && /Library/Developer/CommandLineTools/usr/bin/make  -f CMakeFiles/cmTC_35b43.dir/build.make CMakeFiles/cmTC_35b43.dir/build
Building C object CMakeFiles/cmTC_35b43.dir/CheckIncludeFile.c.o
/Library/Developer/CommandLineTools/usr/bin/cc   -arch arm64 -isysroot /Library/Developer/CommandLineTools/SDKs/MacOSX12.1.sdk -MD -MT CMakeFiles/cmTC_35b43.dir/CheckIncludeFile.c.o -MF CMakeFiles/cmTC_35b43.dir/CheckIncludeFile.c.o.d -o CMakeFiles/cmTC_35b43.dir/CheckIncludeFile.c.o -c "/Users/safahi/Desktop/Clerici-main 2/build/release/CMakeFiles/CMakeTmp/CheckIncludeFile.c"
/Users/safahi/Desktop/Clerici-main 2/build/release/CMakeFiles/CMakeTmp/CheckIncludeFile.c:1:10: fatal error: 'endian.h' file not found
#include <endian.h>
         ^~~~~~~~~~
1 error generated.
make[2]: *** [CMakeFiles/cmTC_35b43.dir/CheckIncludeFile.c.o] Error 1
make[1]: *** [cmTC_35b43/fast] Error 2



Determining if the include file event.h exists failed with the following output:
Change Dir: /Users/safahi/Desktop/Clerici-main 2/build/release/CMakeFiles/CMakeTmp

Run Build Command(s):/usr/bin/make -f Makefile cmTC_c27b2/fast && /Library/Developer/CommandLineTools/usr/bin/make  -f CMakeFiles/cmTC_c27b2.dir/build.make CMakeFiles/cmTC_c27b2.dir/build
Building C object CMakeFiles/cmTC_c27b2.dir/CheckIncludeFile.c.o
/Library/Developer/CommandLineTools/usr/bin/cc   -arch arm64 -isysroot /Library/Developer/CommandLineTools/SDKs/MacOSX12.1.sdk -MD -MT CMakeFiles/cmTC_c27b2.dir/CheckIncludeFile.c.o -MF CMakeFiles/cmTC_c27b2.dir/CheckIncludeFile.c.o.d -o CMakeFiles/cmTC_c27b2.dir/CheckIncludeFile.c.o -c "/Users/safahi/Desktop/Clerici-main 2/build/release/CMakeFiles/CMakeTmp/CheckIncludeFile.c"
/Users/safahi/Desktop/Clerici-main 2/build/release/CMakeFiles/CMakeTmp/CheckIncludeFile.c:1:10: fatal error: 'event.h' file not found
#include <event.h>
         ^~~~~~~~~
1 error generated.
make[2]: *** [CMakeFiles/cmTC_c27b2.dir/CheckIncludeFile.c.o] Error 1
make[1]: *** [cmTC_c27b2/fast] Error 2



Determining if the include file iphlpapi.h exists failed with the following output:
Change Dir: /Users/safahi/Desktop/Clerici-main 2/build/release/CMakeFiles/CMakeTmp

Run Build Command(s):/usr/bin/make -f Makefile cmTC_47e24/fast && /Library/Developer/CommandLineTools/usr/bin/make  -f CMakeFiles/cmTC_47e24.dir/build.make CMakeFiles/cmTC_47e24.dir/build
Building C object CMakeFiles/cmTC_47e24.dir/CheckIncludeFile.c.o
/Library/Developer/CommandLineTools/usr/bin/cc   -arch arm64 -isysroot /Library/Developer/CommandLineTools/SDKs/MacOSX12.1.sdk -MD -MT CMakeFiles/cmTC_47e24.dir/CheckIncludeFile.c.o -MF CMakeFiles/cmTC_47e24.dir/CheckIncludeFile.c.o.d -o CMakeFiles/cmTC_47e24.dir/CheckIncludeFile.c.o -c "/Users/safahi/Desktop/Clerici-main 2/build/release/CMakeFiles/CMakeTmp/CheckIncludeFile.c"
/Users/safahi/Desktop/Clerici-main 2/build/release/CMakeFiles/CMakeTmp/CheckIncludeFile.c:1:10: fatal error: 'iphlpapi.h' file not found
#include <iphlpapi.h>
         ^~~~~~~~~~~~
1 error generated.
make[2]: *** [CMakeFiles/cmTC_47e24.dir/CheckIncludeFile.c.o] Error 1
make[1]: *** [cmTC_47e24/fast] Error 2



Determining if the include file login_cap.h exists failed with the following output:
Change Dir: /Users/safahi/Desktop/Clerici-main 2/build/release/CMakeFiles/CMakeTmp

Run Build Command(s):/usr/bin/make -f Makefile cmTC_a3c7b/fast && /Library/Developer/CommandLineTools/usr/bin/make  -f CMakeFiles/cmTC_a3c7b.dir/build.make CMakeFiles/cmTC_a3c7b.dir/build
Building C object CMakeFiles/cmTC_a3c7b.dir/CheckIncludeFile.c.o
/Library/Developer/CommandLineTools/usr/bin/cc   -arch arm64 -isysroot /Library/Developer/CommandLineTools/SDKs/MacOSX12.1.sdk -MD -MT CMakeFiles/cmTC_a3c7b.dir/CheckIncludeFile.c.o -MF CMakeFiles/cmTC_a3c7b.dir/CheckIncludeFile.c.o.d -o CMakeFiles/cmTC_a3c7b.dir/CheckIncludeFile.c.o -c "/Users/safahi/Desktop/Clerici-main 2/build/release/CMakeFiles/CMakeTmp/CheckIncludeFile.c"
/Users/safahi/Desktop/Clerici-main 2/build/release/CMakeFiles/CMakeTmp/CheckIncludeFile.c:1:10: fatal error: 'login_cap.h' file not found
#include <login_cap.h>
         ^~~~~~~~~~~~~
1 error generated.
make[2]: *** [CMakeFiles/cmTC_a3c7b.dir/CheckIncludeFile.c.o] Error 1
make[1]: *** [cmTC_a3c7b/fast] Error 2



Determining if the include file sys/sha2.h exists failed with the following output:
Change Dir: /Users/safahi/Desktop/Clerici-main 2/build/release/CMakeFiles/CMakeTmp

Run Build Command(s):/usr/bin/make -f Makefile cmTC_0ed57/fast && /Library/Developer/CommandLineTools/usr/bin/make  -f CMakeFiles/cmTC_0ed57.dir/build.make CMakeFiles/cmTC_0ed57.dir/build
Building C object CMakeFiles/cmTC_0ed57.dir/CheckIncludeFile.c.o
/Library/Developer/CommandLineTools/usr/bin/cc   -arch arm64 -isysroot /Library/Developer/CommandLineTools/SDKs/MacOSX12.1.sdk -MD -MT CMakeFiles/cmTC_0ed57.dir/CheckIncludeFile.c.o -MF CMakeFiles/cmTC_0ed57.dir/CheckIncludeFile.c.o.d -o CMakeFiles/cmTC_0ed57.dir/CheckIncludeFile.c.o -c "/Users/safahi/Desktop/Clerici-main 2/build/release/CMakeFiles/CMakeTmp/CheckIncludeFile.c"
/Users/safahi/Desktop/Clerici-main 2/build/release/CMakeFiles/CMakeTmp/CheckIncludeFile.c:1:10: fatal error: 'sys/sha2.h' file not found
#include <sys/sha2.h>
         ^~~~~~~~~~~~
1 error generated.
make[2]: *** [CMakeFiles/cmTC_0ed57.dir/CheckIncludeFile.c.o] Error 1
make[1]: *** [cmTC_0ed57/fast] Error 2



Determining if the include file vfork.h exists failed with the following output:
Change Dir: /Users/safahi/Desktop/Clerici-main 2/build/release/CMakeFiles/CMakeTmp

Run Build Command(s):/usr/bin/make -f Makefile cmTC_f23a8/fast && /Library/Developer/CommandLineTools/usr/bin/make  -f CMakeFiles/cmTC_f23a8.dir/build.make CMakeFiles/cmTC_f23a8.dir/build
Building C object CMakeFiles/cmTC_f23a8.dir/CheckIncludeFile.c.o
/Library/Developer/CommandLineTools/usr/bin/cc   -arch arm64 -isysroot /Library/Developer/CommandLineTools/SDKs/MacOSX12.1.sdk -MD -MT CMakeFiles/cmTC_f23a8.dir/CheckIncludeFile.c.o -MF CMakeFiles/cmTC_f23a8.dir/CheckIncludeFile.c.o.d -o CMakeFiles/cmTC_f23a8.dir/CheckIncludeFile.c.o -c "/Users/safahi/Desktop/Clerici-main 2/build/release/CMakeFiles/CMakeTmp/CheckIncludeFile.c"
/Users/safahi/Desktop/Clerici-main 2/build/release/CMakeFiles/CMakeTmp/CheckIncludeFile.c:1:10: fatal error: 'vfork.h' file not found
#include <vfork.h>
         ^~~~~~~~~
1 error generated.
make[2]: *** [CMakeFiles/cmTC_f23a8.dir/CheckIncludeFile.c.o] Error 1
make[1]: *** [cmTC_f23a8/fast] Error 2



Determining if the include file windows.h exists failed with the following output:
Change Dir: /Users/safahi/Desktop/Clerici-main 2/build/release/CMakeFiles/CMakeTmp

Run Build Command(s):/usr/bin/make -f Makefile cmTC_521af/fast && /Library/Developer/CommandLineTools/usr/bin/make  -f CMakeFiles/cmTC_521af.dir/build.make CMakeFiles/cmTC_521af.dir/build
Building C object CMakeFiles/cmTC_521af.dir/CheckIncludeFile.c.o
/Library/Developer/CommandLineTools/usr/bin/cc   -arch arm64 -isysroot /Library/Developer/CommandLineTools/SDKs/MacOSX12.1.sdk -MD -MT CMakeFiles/cmTC_521af.dir/CheckIncludeFile.c.o -MF CMakeFiles/cmTC_521af.dir/CheckIncludeFile.c.o.d -o CMakeFiles/cmTC_521af.dir/CheckIncludeFile.c.o -c "/Users/safahi/Desktop/Clerici-main 2/build/release/CMakeFiles/CMakeTmp/CheckIncludeFile.c"
/Users/safahi/Desktop/Clerici-main 2/build/release/CMakeFiles/CMakeTmp/CheckIncludeFile.c:1:10: fatal error: 'windows.h' file not found
#include <windows.h>
         ^~~~~~~~~~~
1 error generated.
make[2]: *** [CMakeFiles/cmTC_521af.dir/CheckIncludeFile.c.o] Error 1
make[1]: *** [cmTC_521af/fast] Error 2



Determining if the include file winsock2.h exists failed with the following output:
Change Dir: /Users/safahi/Desktop/Clerici-main 2/build/release/CMakeFiles/CMakeTmp

Run Build Command(s):/usr/bin/make -f Makefile cmTC_e4cb6/fast && /Library/Developer/CommandLineTools/usr/bin/make  -f CMakeFiles/cmTC_e4cb6.dir/build.make CMakeFiles/cmTC_e4cb6.dir/build
Building C object CMakeFiles/cmTC_e4cb6.dir/CheckIncludeFile.c.o
/Library/Developer/CommandLineTools/usr/bin/cc   -arch arm64 -isysroot /Library/Developer/CommandLineTools/SDKs/MacOSX12.1.sdk -MD -MT CMakeFiles/cmTC_e4cb6.dir/CheckIncludeFile.c.o -MF CMakeFiles/cmTC_e4cb6.dir/CheckIncludeFile.c.o.d -o CMakeFiles/cmTC_e4cb6.dir/CheckIncludeFile.c.o -c "/Users/safahi/Desktop/Clerici-main 2/build/release/CMakeFiles/CMakeTmp/CheckIncludeFile.c"
/Users/safahi/Desktop/Clerici-main 2/build/release/CMakeFiles/CMakeTmp/CheckIncludeFile.c:1:10: fatal error: 'winsock2.h' file not found
#include <winsock2.h>
         ^~~~~~~~~~~~
1 error generated.
make[2]: *** [CMakeFiles/cmTC_e4cb6.dir/CheckIncludeFile.c.o] Error 1
make[1]: *** [cmTC_e4cb6/fast] Error 2



Determining if the include file ws2tcpip.h exists failed with the following output:
Change Dir: /Users/safahi/Desktop/Clerici-main 2/build/release/CMakeFiles/CMakeTmp

Run Build Command(s):/usr/bin/make -f Makefile cmTC_0ccba/fast && /Library/Developer/CommandLineTools/usr/bin/make  -f CMakeFiles/cmTC_0ccba.dir/build.make CMakeFiles/cmTC_0ccba.dir/build
Building C object CMakeFiles/cmTC_0ccba.dir/CheckIncludeFile.c.o
/Library/Developer/CommandLineTools/usr/bin/cc   -arch arm64 -isysroot /Library/Developer/CommandLineTools/SDKs/MacOSX12.1.sdk -MD -MT CMakeFiles/cmTC_0ccba.dir/CheckIncludeFile.c.o -MF CMakeFiles/cmTC_0ccba.dir/CheckIncludeFile.c.o.d -o CMakeFiles/cmTC_0ccba.dir/CheckIncludeFile.c.o -c "/Users/safahi/Desktop/Clerici-main 2/build/release/CMakeFiles/CMakeTmp/CheckIncludeFile.c"
/Users/safahi/Desktop/Clerici-main 2/build/release/CMakeFiles/CMakeTmp/CheckIncludeFile.c:1:10: fatal error: 'ws2tcpip.h' file not found
#include <ws2tcpip.h>
         ^~~~~~~~~~~~
1 error generated.
make[2]: *** [CMakeFiles/cmTC_0ccba.dir/CheckIncludeFile.c.o] Error 1
make[1]: *** [cmTC_0ccba/fast] Error 2



Determining if the function _beginthreadex exists failed with the following output:
Change Dir: /Users/safahi/Desktop/Clerici-main 2/build/release/CMakeFiles/CMakeTmp

Run Build Command(s):/usr/bin/make -f Makefile cmTC_c9c9f/fast && /Library/Developer/CommandLineTools/usr/bin/make  -f CMakeFiles/cmTC_c9c9f.dir/build.make CMakeFiles/cmTC_c9c9f.dir/build
Building C object CMakeFiles/cmTC_c9c9f.dir/CheckFunctionExists.c.o
/Library/Developer/CommandLineTools/usr/bin/cc   -DCHECK_FUNCTION_EXISTS=_beginthreadex -arch arm64 -isysroot /Library/Developer/CommandLineTools/SDKs/MacOSX12.1.sdk -MD -MT CMakeFiles/cmTC_c9c9f.dir/CheckFunctionExists.c.o -MF CMakeFiles/cmTC_c9c9f.dir/CheckFunctionExists.c.o.d -o CMakeFiles/cmTC_c9c9f.dir/CheckFunctionExists.c.o -c /opt/homebrew/Cellar/cmake/3.23.0/share/cmake/Modules/CheckFunctionExists.c
Linking C executable cmTC_c9c9f
/opt/homebrew/Cellar/cmake/3.23.0/bin/cmake -E cmake_link_script CMakeFiles/cmTC_c9c9f.dir/link.txt --verbose=1
/Library/Developer/CommandLineTools/usr/bin/cc  -DCHECK_FUNCTION_EXISTS=_beginthreadex -arch arm64 -isysroot /Library/Developer/CommandLineTools/SDKs/MacOSX12.1.sdk -Wl,-search_paths_first -Wl,-headerpad_max_install_names CMakeFiles/cmTC_c9c9f.dir/CheckFunctionExists.c.o -o cmTC_c9c9f 
Undefined symbols for architecture arm64:
  "__beginthreadex", referenced from:
      _main in CheckFunctionExists.c.o
ld: symbol(s) not found for architecture arm64
clang: error: linker command failed with exit code 1 (use -v to see invocation)
make[2]: *** [cmTC_c9c9f] Error 1
make[1]: *** [cmTC_c9c9f/fast] Error 2



Determining if the function getauxval exists failed with the following output:
Change Dir: /Users/safahi/Desktop/Clerici-main 2/build/release/CMakeFiles/CMakeTmp

Run Build Command(s):/usr/bin/make -f Makefile cmTC_41c9b/fast && /Library/Developer/CommandLineTools/usr/bin/make  -f CMakeFiles/cmTC_41c9b.dir/build.make CMakeFiles/cmTC_41c9b.dir/build
Building C object CMakeFiles/cmTC_41c9b.dir/CheckFunctionExists.c.o
/Library/Developer/CommandLineTools/usr/bin/cc   -DCHECK_FUNCTION_EXISTS=getauxval -arch arm64 -isysroot /Library/Developer/CommandLineTools/SDKs/MacOSX12.1.sdk -MD -MT CMakeFiles/cmTC_41c9b.dir/CheckFunctionExists.c.o -MF CMakeFiles/cmTC_41c9b.dir/CheckFunctionExists.c.o.d -o CMakeFiles/cmTC_41c9b.dir/CheckFunctionExists.c.o -c /opt/homebrew/Cellar/cmake/3.23.0/share/cmake/Modules/CheckFunctionExists.c
Linking C executable cmTC_41c9b
/opt/homebrew/Cellar/cmake/3.23.0/bin/cmake -E cmake_link_script CMakeFiles/cmTC_41c9b.dir/link.txt --verbose=1
/Library/Developer/CommandLineTools/usr/bin/cc  -DCHECK_FUNCTION_EXISTS=getauxval -arch arm64 -isysroot /Library/Developer/CommandLineTools/SDKs/MacOSX12.1.sdk -Wl,-search_paths_first -Wl,-headerpad_max_install_names CMakeFiles/cmTC_41c9b.dir/CheckFunctionExists.c.o -o cmTC_41c9b 
Undefined symbols for architecture arm64:
  "_getauxval", referenced from:
      _main in CheckFunctionExists.c.o
ld: symbol(s) not found for architecture arm64
clang: error: linker command failed with exit code 1 (use -v to see invocation)
make[2]: *** [cmTC_41c9b] Error 1
make[1]: *** [cmTC_41c9b/fast] Error 2



Determining if the function ioctlsocket exists failed with the following output:
Change Dir: /Users/safahi/Desktop/Clerici-main 2/build/release/CMakeFiles/CMakeTmp

Run Build Command(s):/usr/bin/make -f Makefile cmTC_a5f67/fast && /Library/Developer/CommandLineTools/usr/bin/make  -f CMakeFiles/cmTC_a5f67.dir/build.make CMakeFiles/cmTC_a5f67.dir/build
Building C object CMakeFiles/cmTC_a5f67.dir/CheckFunctionExists.c.o
/Library/Developer/CommandLineTools/usr/bin/cc   -DCHECK_FUNCTION_EXISTS=ioctlsocket -arch arm64 -isysroot /Library/Developer/CommandLineTools/SDKs/MacOSX12.1.sdk -MD -MT CMakeFiles/cmTC_a5f67.dir/CheckFunctionExists.c.o -MF CMakeFiles/cmTC_a5f67.dir/CheckFunctionExists.c.o.d -o CMakeFiles/cmTC_a5f67.dir/CheckFunctionExists.c.o -c /opt/homebrew/Cellar/cmake/3.23.0/share/cmake/Modules/CheckFunctionExists.c
Linking C executable cmTC_a5f67
/opt/homebrew/Cellar/cmake/3.23.0/bin/cmake -E cmake_link_script CMakeFiles/cmTC_a5f67.dir/link.txt --verbose=1
/Library/Developer/CommandLineTools/usr/bin/cc  -DCHECK_FUNCTION_EXISTS=ioctlsocket -arch arm64 -isysroot /Library/Developer/CommandLineTools/SDKs/MacOSX12.1.sdk -Wl,-search_paths_first -Wl,-headerpad_max_install_names CMakeFiles/cmTC_a5f67.dir/CheckFunctionExists.c.o -o cmTC_a5f67 
Undefined symbols for architecture arm64:
  "_ioctlsocket", referenced from:
      _main in CheckFunctionExists.c.o
ld: symbol(s) not found for architecture arm64
clang: error: linker command failed with exit code 1 (use -v to see invocation)
make[2]: *** [cmTC_a5f67] Error 1
make[1]: *** [cmTC_a5f67/fast] Error 2



Determining if the function reallocarray exists failed with the following output:
Change Dir: /Users/safahi/Desktop/Clerici-main 2/build/release/CMakeFiles/CMakeTmp

Run Build Command(s):/usr/bin/make -f Makefile cmTC_074ac/fast && /Library/Developer/CommandLineTools/usr/bin/make  -f CMakeFiles/cmTC_074ac.dir/build.make CMakeFiles/cmTC_074ac.dir/build
Building C object CMakeFiles/cmTC_074ac.dir/CheckFunctionExists.c.o
/Library/Developer/CommandLineTools/usr/bin/cc   -DCHECK_FUNCTION_EXISTS=reallocarray -arch arm64 -isysroot /Library/Developer/CommandLineTools/SDKs/MacOSX12.1.sdk -MD -MT CMakeFiles/cmTC_074ac.dir/CheckFunctionExists.c.o -MF CMakeFiles/cmTC_074ac.dir/CheckFunctionExists.c.o.d -o CMakeFiles/cmTC_074ac.dir/CheckFunctionExists.c.o -c /opt/homebrew/Cellar/cmake/3.23.0/share/cmake/Modules/CheckFunctionExists.c
Linking C executable cmTC_074ac
/opt/homebrew/Cellar/cmake/3.23.0/bin/cmake -E cmake_link_script CMakeFiles/cmTC_074ac.dir/link.txt --verbose=1
/Library/Developer/CommandLineTools/usr/bin/cc  -DCHECK_FUNCTION_EXISTS=reallocarray -arch arm64 -isysroot /Library/Developer/CommandLineTools/SDKs/MacOSX12.1.sdk -Wl,-search_paths_first -Wl,-headerpad_max_install_names CMakeFiles/cmTC_074ac.dir/CheckFunctionExists.c.o -o cmTC_074ac 
Undefined symbols for architecture arm64:
  "_reallocarray", referenced from:
      _main in CheckFunctionExists.c.o
ld: symbol(s) not found for architecture arm64
clang: error: linker command failed with exit code 1 (use -v to see invocation)
make[2]: *** [cmTC_074ac] Error 1
make[1]: *** [cmTC_074ac/fast] Error 2



Determining if the function setresgid exists failed with the following output:
Change Dir: /Users/safahi/Desktop/Clerici-main 2/build/release/CMakeFiles/CMakeTmp

Run Build Command(s):/usr/bin/make -f Makefile cmTC_556c9/fast && /Library/Developer/CommandLineTools/usr/bin/make  -f CMakeFiles/cmTC_556c9.dir/build.make CMakeFiles/cmTC_556c9.dir/build
Building C object CMakeFiles/cmTC_556c9.dir/CheckFunctionExists.c.o
/Library/Developer/CommandLineTools/usr/bin/cc   -DCHECK_FUNCTION_EXISTS=setresgid -arch arm64 -isysroot /Library/Developer/CommandLineTools/SDKs/MacOSX12.1.sdk -MD -MT CMakeFiles/cmTC_556c9.dir/CheckFunctionExists.c.o -MF CMakeFiles/cmTC_556c9.dir/CheckFunctionExists.c.o.d -o CMakeFiles/cmTC_556c9.dir/CheckFunctionExists.c.o -c /opt/homebrew/Cellar/cmake/3.23.0/share/cmake/Modules/CheckFunctionExists.c
Linking C executable cmTC_556c9
/opt/homebrew/Cellar/cmake/3.23.0/bin/cmake -E cmake_link_script CMakeFiles/cmTC_556c9.dir/link.txt --verbose=1
/Library/Developer/CommandLineTools/usr/bin/cc  -DCHECK_FUNCTION_EXISTS=setresgid -arch arm64 -isysroot /Library/Developer/CommandLineTools/SDKs/MacOSX12.1.sdk -Wl,-search_paths_first -Wl,-headerpad_max_install_names CMakeFiles/cmTC_556c9.dir/CheckFunctionExists.c.o -o cmTC_556c9 
Undefined symbols for architecture arm64:
  "_setresgid", referenced from:
      _main in CheckFunctionExists.c.o
ld: symbol(s) not found for architecture arm64
clang: error: linker command failed with exit code 1 (use -v to see invocation)
make[2]: *** [cmTC_556c9] Error 1
make[1]: *** [cmTC_556c9/fast] Error 2



Determining if the function setresuid exists failed with the following output:
Change Dir: /Users/safahi/Desktop/Clerici-main 2/build/release/CMakeFiles/CMakeTmp

Run Build Command(s):/usr/bin/make -f Makefile cmTC_09c6f/fast && /Library/Developer/CommandLineTools/usr/bin/make  -f CMakeFiles/cmTC_09c6f.dir/build.make CMakeFiles/cmTC_09c6f.dir/build
Building C object CMakeFiles/cmTC_09c6f.dir/CheckFunctionExists.c.o
/Library/Developer/CommandLineTools/usr/bin/cc   -DCHECK_FUNCTION_EXISTS=setresuid -arch arm64 -isysroot /Library/Developer/CommandLineTools/SDKs/MacOSX12.1.sdk -MD -MT CMakeFiles/cmTC_09c6f.dir/CheckFunctionExists.c.o -MF CMakeFiles/cmTC_09c6f.dir/CheckFunctionExists.c.o.d -o CMakeFiles/cmTC_09c6f.dir/CheckFunctionExists.c.o -c /opt/homebrew/Cellar/cmake/3.23.0/share/cmake/Modules/CheckFunctionExists.c
Linking C executable cmTC_09c6f
/opt/homebrew/Cellar/cmake/3.23.0/bin/cmake -E cmake_link_script CMakeFiles/cmTC_09c6f.dir/link.txt --verbose=1
/Library/Developer/CommandLineTools/usr/bin/cc  -DCHECK_FUNCTION_EXISTS=setresuid -arch arm64 -isysroot /Library/Developer/CommandLineTools/SDKs/MacOSX12.1.sdk -Wl,-search_paths_first -Wl,-headerpad_max_install_names CMakeFiles/cmTC_09c6f.dir/CheckFunctionExists.c.o -o cmTC_09c6f 
Undefined symbols for architecture arm64:
  "_setresuid", referenced from:
      _main in CheckFunctionExists.c.o
ld: symbol(s) not found for architecture arm64
clang: error: linker command failed with exit code 1 (use -v to see invocation)
make[2]: *** [cmTC_09c6f] Error 1
make[1]: *** [cmTC_09c6f/fast] Error 2



Determining if the function setusercontent exists failed with the following output:
Change Dir: /Users/safahi/Desktop/Clerici-main 2/build/release/CMakeFiles/CMakeTmp

Run Build Command(s):/usr/bin/make -f Makefile cmTC_20436/fast && /Library/Developer/CommandLineTools/usr/bin/make  -f CMakeFiles/cmTC_20436.dir/build.make CMakeFiles/cmTC_20436.dir/build
Building C object CMakeFiles/cmTC_20436.dir/CheckFunctionExists.c.o
/Library/Developer/CommandLineTools/usr/bin/cc   -DCHECK_FUNCTION_EXISTS=setusercontent -arch arm64 -isysroot /Library/Developer/CommandLineTools/SDKs/MacOSX12.1.sdk -MD -MT CMakeFiles/cmTC_20436.dir/CheckFunctionExists.c.o -MF CMakeFiles/cmTC_20436.dir/CheckFunctionExists.c.o.d -o CMakeFiles/cmTC_20436.dir/CheckFunctionExists.c.o -c /opt/homebrew/Cellar/cmake/3.23.0/share/cmake/Modules/CheckFunctionExists.c
Linking C executable cmTC_20436
/opt/homebrew/Cellar/cmake/3.23.0/bin/cmake -E cmake_link_script CMakeFiles/cmTC_20436.dir/link.txt --verbose=1
/Library/Developer/CommandLineTools/usr/bin/cc  -DCHECK_FUNCTION_EXISTS=setusercontent -arch arm64 -isysroot /Library/Developer/CommandLineTools/SDKs/MacOSX12.1.sdk -Wl,-search_paths_first -Wl,-headerpad_max_install_names CMakeFiles/cmTC_20436.dir/CheckFunctionExists.c.o -o cmTC_20436 
Undefined symbols for architecture arm64:
  "_setusercontent", referenced from:
      _main in CheckFunctionExists.c.o
ld: symbol(s) not found for architecture arm64
clang: error: linker command failed with exit code 1 (use -v to see invocation)
make[2]: *** [cmTC_20436] Error 1
make[1]: *** [cmTC_20436/fast] Error 2



Determining if the pthread_rwlock_t exist failed with the following output:
Change Dir: /Users/safahi/Desktop/Clerici-main 2/build/release/CMakeFiles/CMakeTmp

Run Build Command(s):/usr/bin/make -f Makefile cmTC_c7c44/fast && /Library/Developer/CommandLineTools/usr/bin/make  -f CMakeFiles/cmTC_c7c44.dir/build.make CMakeFiles/cmTC_c7c44.dir/build
Building C object CMakeFiles/cmTC_c7c44.dir/CheckSymbolExists.c.o
/Library/Developer/CommandLineTools/usr/bin/cc   -arch arm64 -isysroot /Library/Developer/CommandLineTools/SDKs/MacOSX12.1.sdk -MD -MT CMakeFiles/cmTC_c7c44.dir/CheckSymbolExists.c.o -MF CMakeFiles/cmTC_c7c44.dir/CheckSymbolExists.c.o.d -o CMakeFiles/cmTC_c7c44.dir/CheckSymbolExists.c.o -c "/Users/safahi/Desktop/Clerici-main 2/build/release/CMakeFiles/CMakeTmp/CheckSymbolExists.c"
/Users/safahi/Desktop/Clerici-main 2/build/release/CMakeFiles/CMakeTmp/CheckSymbolExists.c:8:19: error: unexpected type name 'pthread_rwlock_t': expected expression
  return ((int*)(&pthread_rwlock_t))[argc];
                  ^
1 error generated.
make[2]: *** [CMakeFiles/cmTC_c7c44.dir/CheckSymbolExists.c.o] Error 1
make[1]: *** [cmTC_c7c44/fast] Error 2


File /Users/safahi/Desktop/Clerici-main 2/build/release/CMakeFiles/CMakeTmp/CheckSymbolExists.c:
/* */
#include <pthread.h>

int main(int argc, char** argv)
{
  (void)argv;
#ifndef pthread_rwlock_t
  return ((int*)(&pthread_rwlock_t))[argc];
#else
  (void)argc;
  return 0;
#endif
}
Determining if the pthread_spinlock_t exist failed with the following output:
Change Dir: /Users/safahi/Desktop/Clerici-main 2/build/release/CMakeFiles/CMakeTmp

Run Build Command(s):/usr/bin/make -f Makefile cmTC_74632/fast && /Library/Developer/CommandLineTools/usr/bin/make  -f CMakeFiles/cmTC_74632.dir/build.make CMakeFiles/cmTC_74632.dir/build
Building C object CMakeFiles/cmTC_74632.dir/CheckSymbolExists.c.o
/Library/Developer/CommandLineTools/usr/bin/cc   -arch arm64 -isysroot /Library/Developer/CommandLineTools/SDKs/MacOSX12.1.sdk -MD -MT CMakeFiles/cmTC_74632.dir/CheckSymbolExists.c.o -MF CMakeFiles/cmTC_74632.dir/CheckSymbolExists.c.o.d -o CMakeFiles/cmTC_74632.dir/CheckSymbolExists.c.o -c "/Users/safahi/Desktop/Clerici-main 2/build/release/CMakeFiles/CMakeTmp/CheckSymbolExists.c"
/Users/safahi/Desktop/Clerici-main 2/build/release/CMakeFiles/CMakeTmp/CheckSymbolExists.c:8:19: error: use of undeclared identifier 'pthread_spinlock_t'
  return ((int*)(&pthread_spinlock_t))[argc];
                  ^
1 error generated.
make[2]: *** [CMakeFiles/cmTC_74632.dir/CheckSymbolExists.c.o] Error 1
make[1]: *** [cmTC_74632/fast] Error 2


File /Users/safahi/Desktop/Clerici-main 2/build/release/CMakeFiles/CMakeTmp/CheckSymbolExists.c:
/* */
#include <pthread.h>

int main(int argc, char** argv)
{
  (void)argv;
#ifndef pthread_spinlock_t
  return ((int*)(&pthread_spinlock_t))[argc];
#else
  (void)argc;
  return 0;
#endif
}
Determining if the function FIPS_mode exists failed with the following output:
Change Dir: /Users/safahi/Desktop/Clerici-main 2/build/release/CMakeFiles/CMakeTmp

Run Build Command(s):/usr/bin/make -f Makefile cmTC_5de2d/fast && /Library/Developer/CommandLineTools/usr/bin/make  -f CMakeFiles/cmTC_5de2d.dir/build.make CMakeFiles/cmTC_5de2d.dir/build
Building C object CMakeFiles/cmTC_5de2d.dir/CheckFunctionExists.c.o
/Library/Developer/CommandLineTools/usr/bin/cc  -I/opt/homebrew/opt/openssl@3/include -DCHECK_FUNCTION_EXISTS=FIPS_mode -arch arm64 -isysroot /Library/Developer/CommandLineTools/SDKs/MacOSX12.1.sdk -MD -MT CMakeFiles/cmTC_5de2d.dir/CheckFunctionExists.c.o -MF CMakeFiles/cmTC_5de2d.dir/CheckFunctionExists.c.o.d -o CMakeFiles/cmTC_5de2d.dir/CheckFunctionExists.c.o -c /opt/homebrew/Cellar/cmake/3.23.0/share/cmake/Modules/CheckFunctionExists.c
Linking C executable cmTC_5de2d
/opt/homebrew/Cellar/cmake/3.23.0/bin/cmake -E cmake_link_script CMakeFiles/cmTC_5de2d.dir/link.txt --verbose=1
/Library/Developer/CommandLineTools/usr/bin/cc  -DCHECK_FUNCTION_EXISTS=FIPS_mode -arch arm64 -isysroot /Library/Developer/CommandLineTools/SDKs/MacOSX12.1.sdk -Wl,-search_paths_first -Wl,-headerpad_max_install_names CMakeFiles/cmTC_5de2d.dir/CheckFunctionExists.c.o -o cmTC_5de2d  /opt/homebrew/opt/openssl@3/lib/libssl.dylib /opt/homebrew/opt/openssl@3/lib/libcrypto.dylib 
Undefined symbols for architecture arm64:
  "_FIPS_mode", referenced from:
      _main in CheckFunctionExists.c.o
ld: symbol(s) not found for architecture arm64
clang: error: linker command failed with exit code 1 (use -v to see invocation)
make[2]: *** [cmTC_5de2d] Error 1
make[1]: *** [cmTC_5de2d/fast] Error 2



Determining if the LIBRESSL_VERSION_TEXT exist failed with the following output:
Change Dir: /Users/safahi/Desktop/Clerici-main 2/build/release/CMakeFiles/CMakeTmp

Run Build Command(s):/usr/bin/make -f Makefile cmTC_0ec52/fast && /Library/Developer/CommandLineTools/usr/bin/make  -f CMakeFiles/cmTC_0ec52.dir/build.make CMakeFiles/cmTC_0ec52.dir/build
Building C object CMakeFiles/cmTC_0ec52.dir/CheckSymbolExists.c.o
/Library/Developer/CommandLineTools/usr/bin/cc   -arch arm64 -isysroot /Library/Developer/CommandLineTools/SDKs/MacOSX12.1.sdk -MD -MT CMakeFiles/cmTC_0ec52.dir/CheckSymbolExists.c.o -MF CMakeFiles/cmTC_0ec52.dir/CheckSymbolExists.c.o.d -o CMakeFiles/cmTC_0ec52.dir/CheckSymbolExists.c.o -c "/Users/safahi/Desktop/Clerici-main 2/build/release/CMakeFiles/CMakeTmp/CheckSymbolExists.c"
/Users/safahi/Desktop/Clerici-main 2/build/release/CMakeFiles/CMakeTmp/CheckSymbolExists.c:2:10: fatal error: 'openssl/opensslv.h' file not found
#include <openssl/opensslv.h>
         ^~~~~~~~~~~~~~~~~~~~
1 error generated.
make[2]: *** [CMakeFiles/cmTC_0ec52.dir/CheckSymbolExists.c.o] Error 1
make[1]: *** [cmTC_0ec52/fast] Error 2


File /Users/safahi/Desktop/Clerici-main 2/build/release/CMakeFiles/CMakeTmp/CheckSymbolExists.c:
/* */
#include <openssl/opensslv.h>

int main(int argc, char** argv)
{
  (void)argv;
#ifndef LIBRESSL_VERSION_TEXT
  return ((int*)(&LIBRESSL_VERSION_TEXT))[argc];
#else
  (void)argc;
  return 0;
#endif
}
Performing C SOURCE FILE Test _Werror__fcf_protection=full_c failed with the following output:
Change Dir: /Users/safahi/Desktop/Clerici-main 2/build/release/CMakeFiles/CMakeTmp

Run Build Command(s):/usr/bin/make -f Makefile cmTC_ea7b0/fast && /Library/Developer/CommandLineTools/usr/bin/make  -f CMakeFiles/cmTC_ea7b0.dir/build.make CMakeFiles/cmTC_ea7b0.dir/build
Building C object CMakeFiles/cmTC_ea7b0.dir/src.c.o
/Library/Developer/CommandLineTools/usr/bin/cc -D_Werror__fcf_protection=full_c  -maes -march=x86-64 -fno-strict-aliasing  -arch arm64 -isysroot /Library/Developer/CommandLineTools/SDKs/MacOSX12.1.sdk   -Werror -fcf-protection=full -MD -MT CMakeFiles/cmTC_ea7b0.dir/src.c.o -MF CMakeFiles/cmTC_ea7b0.dir/src.c.o.d -o CMakeFiles/cmTC_ea7b0.dir/src.c.o -c "/Users/safahi/Desktop/Clerici-main 2/build/release/CMakeFiles/CMakeTmp/src.c"
clang: error: the clang compiler does not support '-march=x86-64'
make[2]: *** [CMakeFiles/cmTC_ea7b0.dir/src.c.o] Error 1
make[1]: *** [cmTC_ea7b0/fast] Error 2


Source file was:
int main(void) { return 0; }
Performing C++ SOURCE FILE Test _Werror__fcf_protection=full_cxx failed with the following output:
Change Dir: /Users/safahi/Desktop/Clerici-main 2/build/release/CMakeFiles/CMakeTmp

Run Build Command(s):/usr/bin/make -f Makefile cmTC_61ce2/fast && /Library/Developer/CommandLineTools/usr/bin/make  -f CMakeFiles/cmTC_61ce2.dir/build.make CMakeFiles/cmTC_61ce2.dir/build
Building CXX object CMakeFiles/cmTC_61ce2.dir/src.cxx.o
/Library/Developer/CommandLineTools/usr/bin/c++ -D_Werror__fcf_protection=full_cxx  -DZMQ_STATIC -fvisibility=default -maes -march=x86-64 -fno-strict-aliasing  -arch arm64 -isysroot /Library/Developer/CommandLineTools/SDKs/MacOSX12.1.sdk   -Werror -fcf-protection=full -MD -MT CMakeFiles/cmTC_61ce2.dir/src.cxx.o -MF CMakeFiles/cmTC_61ce2.dir/src.cxx.o.d -o CMakeFiles/cmTC_61ce2.dir/src.cxx.o -c "/Users/safahi/Desktop/Clerici-main 2/build/release/CMakeFiles/CMakeTmp/src.cxx"
clang: error: the clang compiler does not support '-march=x86-64'
make[2]: *** [CMakeFiles/cmTC_61ce2.dir/src.cxx.o] Error 1
make[1]: *** [cmTC_61ce2/fast] Error 2


Source file was:
int main() { return 0; }
